26/12/2024 03:02:09 PM: INFO: Test_0001: test_002: Test Case 01
26/12/2024 03:02:09 PM: INFO: Test_0001: test_002: Test Case Starting
26/12/2024 03:02:09 PM: DEBUG: remote_connection: execute: POST http://localhost:51509/session/7dfa822f6fc0394ea7fd53f8295d59c7/element {'using': 'xpath', 'value': "//input[@name='email']"}
26/12/2024 03:02:09 PM: DEBUG: connectionpool: _make_request: http://localhost:51509 "POST /session/7dfa822f6fc0394ea7fd53f8295d59c7/element HTTP/1.1" 200 0
26/12/2024 03:02:09 PM: DEBUG: remote_connection: _request: Remote response: status=200 | data={"value":{"element-6066-11e4-a52e-4f735466cecf":"f.7DC1D117D5EA3813E5DF204C690C1EC3.d.617909D608382E6C3592C457672F2CE2.e.5"}} | headers=HTTPHeaderDict({'Content-Length': '125', 'Content-Type': 'application/json; charset=utf-8', 'cache-control': 'no-cache'})
26/12/2024 03:02:09 PM: DEBUG: remote_connection: _request: Finished Request
26/12/2024 03:02:09 PM: DEBUG: remote_connection: execute: POST http://localhost:51509/session/7dfa822f6fc0394ea7fd53f8295d59c7/element/f.7DC1D117D5EA3813E5DF204C690C1EC3.d.617909D608382E6C3592C457672F2CE2.e.5/value {'text': 'Sherry12@gmail.com', 'value': ['S', 'h', 'e', 'r', 'r', 'y', '1', '2', '@', 'g', 'm', 'a', 'i', 'l', '.', 'c', 'o', 'm']}
26/12/2024 03:02:09 PM: DEBUG: connectionpool: _make_request: http://localhost:51509 "POST /session/7dfa822f6fc0394ea7fd53f8295d59c7/element/f.7DC1D117D5EA3813E5DF204C690C1EC3.d.617909D608382E6C3592C457672F2CE2.e.5/value HTTP/1.1" 200 0
26/12/2024 03:02:09 PM: DEBUG: remote_connection: _request: Remote response: status=200 | data={"value":null} | headers=HTTPHeaderDict({'Content-Length': '14', 'Content-Type': 'application/json; charset=utf-8', 'cache-control': 'no-cache'})
26/12/2024 03:02:09 PM: DEBUG: remote_connection: _request: Finished Request
26/12/2024 03:02:09 PM: INFO: Test_0001: test_002: Enter username
26/12/2024 03:02:09 PM: DEBUG: remote_connection: execute: POST http://localhost:51509/session/7dfa822f6fc0394ea7fd53f8295d59c7/element {'using': 'xpath', 'value': "//input[@name='password']"}
26/12/2024 03:02:09 PM: DEBUG: connectionpool: _make_request: http://localhost:51509 "POST /session/7dfa822f6fc0394ea7fd53f8295d59c7/element HTTP/1.1" 200 0
26/12/2024 03:02:09 PM: DEBUG: remote_connection: _request: Remote response: status=200 | data={"value":{"element-6066-11e4-a52e-4f735466cecf":"f.7DC1D117D5EA3813E5DF204C690C1EC3.d.617909D608382E6C3592C457672F2CE2.e.7"}} | headers=HTTPHeaderDict({'Content-Length': '125', 'Content-Type': 'application/json; charset=utf-8', 'cache-control': 'no-cache'})
26/12/2024 03:02:09 PM: DEBUG: remote_connection: _request: Finished Request
26/12/2024 03:02:09 PM: DEBUG: remote_connection: execute: POST http://localhost:51509/session/7dfa822f6fc0394ea7fd53f8295d59c7/element/f.7DC1D117D5EA3813E5DF204C690C1EC3.d.617909D608382E6C3592C457672F2CE2.e.7/value {'text': '2146', 'value': ['2', '1', '4', '6']}
26/12/2024 03:02:09 PM: DEBUG: connectionpool: _make_request: http://localhost:51509 "POST /session/7dfa822f6fc0394ea7fd53f8295d59c7/element/f.7DC1D117D5EA3813E5DF204C690C1EC3.d.617909D608382E6C3592C457672F2CE2.e.7/value HTTP/1.1" 200 0
26/12/2024 03:02:09 PM: DEBUG: remote_connection: _request: Remote response: status=200 | data={"value":null} | headers=HTTPHeaderDict({'Content-Length': '14', 'Content-Type': 'application/json; charset=utf-8', 'cache-control': 'no-cache'})
26/12/2024 03:02:09 PM: DEBUG: remote_connection: _request: Finished Request
26/12/2024 03:02:09 PM: INFO: Test_0001: test_002: Enter password
26/12/2024 03:02:09 PM: DEBUG: remote_connection: execute: POST http://localhost:51509/session/7dfa822f6fc0394ea7fd53f8295d59c7/element {'using': 'xpath', 'value': "//button[@type='submit']"}
26/12/2024 03:02:09 PM: DEBUG: connectionpool: _make_request: http://localhost:51509 "POST /session/7dfa822f6fc0394ea7fd53f8295d59c7/element HTTP/1.1" 200 0
26/12/2024 03:02:09 PM: DEBUG: remote_connection: _request: Remote response: status=200 | data={"value":{"element-6066-11e4-a52e-4f735466cecf":"f.7DC1D117D5EA3813E5DF204C690C1EC3.d.617909D608382E6C3592C457672F2CE2.e.9"}} | headers=HTTPHeaderDict({'Content-Length': '125', 'Content-Type': 'application/json; charset=utf-8', 'cache-control': 'no-cache'})
26/12/2024 03:02:09 PM: DEBUG: remote_connection: _request: Finished Request
26/12/2024 03:02:09 PM: DEBUG: remote_connection: execute: POST http://localhost:51509/session/7dfa822f6fc0394ea7fd53f8295d59c7/element/f.7DC1D117D5EA3813E5DF204C690C1EC3.d.617909D608382E6C3592C457672F2CE2.e.9/click {}
26/12/2024 03:02:09 PM: DEBUG: connectionpool: _make_request: http://localhost:51509 "POST /session/7dfa822f6fc0394ea7fd53f8295d59c7/element/f.7DC1D117D5EA3813E5DF204C690C1EC3.d.617909D608382E6C3592C457672F2CE2.e.9/click HTTP/1.1" 200 0
26/12/2024 03:02:09 PM: DEBUG: remote_connection: _request: Remote response: status=200 | data={"value":null} | headers=HTTPHeaderDict({'Content-Length': '14', 'Content-Type': 'application/json; charset=utf-8', 'cache-control': 'no-cache'})
26/12/2024 03:02:09 PM: DEBUG: remote_connection: _request: Finished Request
26/12/2024 03:02:09 PM: INFO: Test_0001: test_002: Click signup button
26/12/2024 03:02:09 PM: DEBUG: remote_connection: execute: POST http://localhost:51509/session/7dfa822f6fc0394ea7fd53f8295d59c7/element {'using': 'xpath', 'value': "(//div[@class='product-card__add'])[2]"}
26/12/2024 03:02:09 PM: DEBUG: connectionpool: _make_request: http://localhost:51509 "POST /session/7dfa822f6fc0394ea7fd53f8295d59c7/element HTTP/1.1" 404 0
26/12/2024 03:02:09 PM: DEBUG: remote_connection: _request: Remote response: status=404 | data={"value":{"error":"no such element","message":"no such element: Unable to locate element: {\"method\":\"xpath\",\"selector\":\"(//div[@class='product-card__add'])[2]\"}\n  (Session info: chrome=131.0.6778.205)","stacktrace":"\tGetHandleVerifier [0x00007FF66FA7FB05+28789]\n\t(No symbol) [0x00007FF66F9E86E0]\n\t(No symbol) [0x00007FF66F88592A]\n\t(No symbol) [0x00007FF66F8D930E]\n\t(No symbol) [0x00007FF66F8D95FC]\n\t(No symbol) [0x00007FF66F9228A7]\n\t(No symbol) [0x00007FF66F8FF47F]\n\t(No symbol) [0x00007FF66F91F654]\n\t(No symbol) [0x00007FF66F8FF1E3]\n\t(No symbol) [0x00007FF66F8CA938]\n\t(No symbol) [0x00007FF66F8CBAA1]\n\tGetHandleVerifier [0x00007FF66FDB933D+3410093]\n\tGetHandleVerifier [0x00007FF66FDCE7DD+3497293]\n\tGetHandleVerifier [0x00007FF66FDC2A73+3448803]\n\tGetHandleVerifier [0x00007FF66FB47BBB+848171]\n\t(No symbol) [0x00007FF66F9F3C3F]\n\t(No symbol) [0x00007FF66F9EF6E4]\n\t(No symbol) [0x00007FF66F9EF87D]\n\t(No symbol) [0x00007FF66F9DED49]\n\tBaseThreadInitThunk [0x00007FF83B577374+20]\n\tRtlUserThreadStart [0x00007FF83CBBCC91+33]\n"}} | headers=HTTPHeaderDict({'Content-Length': '1072', 'Content-Type': 'application/json; charset=utf-8', 'cache-control': 'no-cache'})
26/12/2024 03:02:09 PM: DEBUG: remote_connection: _request: Finished Request
26/12/2024 03:02:10 PM: DEBUG: remote_connection: execute: POST http://localhost:51509/session/7dfa822f6fc0394ea7fd53f8295d59c7/element {'using': 'xpath', 'value': "(//div[@class='product-card__add'])[2]"}
26/12/2024 03:02:10 PM: DEBUG: connectionpool: _make_request: http://localhost:51509 "POST /session/7dfa822f6fc0394ea7fd53f8295d59c7/element HTTP/1.1" 404 0
26/12/2024 03:02:10 PM: DEBUG: remote_connection: _request: Remote response: status=404 | data={"value":{"error":"no such element","message":"no such element: Unable to locate element: {\"method\":\"xpath\",\"selector\":\"(//div[@class='product-card__add'])[2]\"}\n  (Session info: chrome=131.0.6778.205)","stacktrace":"\tGetHandleVerifier [0x00007FF66FA7FB05+28789]\n\t(No symbol) [0x00007FF66F9E86E0]\n\t(No symbol) [0x00007FF66F88592A]\n\t(No symbol) [0x00007FF66F8D930E]\n\t(No symbol) [0x00007FF66F8D95FC]\n\t(No symbol) [0x00007FF66F9228A7]\n\t(No symbol) [0x00007FF66F8FF47F]\n\t(No symbol) [0x00007FF66F91F654]\n\t(No symbol) [0x00007FF66F8FF1E3]\n\t(No symbol) [0x00007FF66F8CA938]\n\t(No symbol) [0x00007FF66F8CBAA1]\n\tGetHandleVerifier [0x00007FF66FDB933D+3410093]\n\tGetHandleVerifier [0x00007FF66FDCE7DD+3497293]\n\tGetHandleVerifier [0x00007FF66FDC2A73+3448803]\n\tGetHandleVerifier [0x00007FF66FB47BBB+848171]\n\t(No symbol) [0x00007FF66F9F3C3F]\n\t(No symbol) [0x00007FF66F9EF6E4]\n\t(No symbol) [0x00007FF66F9EF87D]\n\t(No symbol) [0x00007FF66F9DED49]\n\tBaseThreadInitThunk [0x00007FF83B577374+20]\n\tRtlUserThreadStart [0x00007FF83CBBCC91+33]\n"}} | headers=HTTPHeaderDict({'Content-Length': '1072', 'Content-Type': 'application/json; charset=utf-8', 'cache-control': 'no-cache'})
26/12/2024 03:02:10 PM: DEBUG: remote_connection: _request: Finished Request
26/12/2024 03:02:10 PM: DEBUG: remote_connection: execute: POST http://localhost:51509/session/7dfa822f6fc0394ea7fd53f8295d59c7/element {'using': 'xpath', 'value': "(//div[@class='product-card__add'])[2]"}
26/12/2024 03:02:10 PM: DEBUG: connectionpool: _make_request: http://localhost:51509 "POST /session/7dfa822f6fc0394ea7fd53f8295d59c7/element HTTP/1.1" 200 0
26/12/2024 03:02:10 PM: DEBUG: remote_connection: _request: Remote response: status=200 | data={"value":{"element-6066-11e4-a52e-4f735466cecf":"f.7DC1D117D5EA3813E5DF204C690C1EC3.d.617909D608382E6C3592C457672F2CE2.e.43"}} | headers=HTTPHeaderDict({'Content-Length': '126', 'Content-Type': 'application/json; charset=utf-8', 'cache-control': 'no-cache'})
26/12/2024 03:02:10 PM: DEBUG: remote_connection: _request: Finished Request
26/12/2024 03:02:10 PM: DEBUG: remote_connection: execute: POST http://localhost:51509/session/7dfa822f6fc0394ea7fd53f8295d59c7/execute/sync {'script': '/* isDisplayed */return (function(){return (function(){var g=this||self;\nfunction aa(a){var b=typeof...', 'args': [{'element-6066-11e4-a52e-4f735466cecf': 'f.7DC1D117D5EA3813E5DF204C690C1EC3.d.617909D608382E6C3592C457672F2CE2.e.43'}]}
26/12/2024 03:02:10 PM: DEBUG: connectionpool: _make_request: http://localhost:51509 "POST /session/7dfa822f6fc0394ea7fd53f8295d59c7/execute/sync HTTP/1.1" 200 0
26/12/2024 03:02:10 PM: DEBUG: remote_connection: _request: Remote response: status=200 | data={"value":true} | headers=HTTPHeaderDict({'Content-Length': '14', 'Content-Type': 'application/json; charset=utf-8', 'cache-control': 'no-cache'})
26/12/2024 03:02:10 PM: DEBUG: remote_connection: _request: Finished Request
26/12/2024 03:02:10 PM: DEBUG: remote_connection: execute: POST http://localhost:51509/session/7dfa822f6fc0394ea7fd53f8295d59c7/element/f.7DC1D117D5EA3813E5DF204C690C1EC3.d.617909D608382E6C3592C457672F2CE2.e.43/click {}
26/12/2024 03:02:12 PM: DEBUG: connectionpool: _make_request: http://localhost:51509 "POST /session/7dfa822f6fc0394ea7fd53f8295d59c7/element/f.7DC1D117D5EA3813E5DF204C690C1EC3.d.617909D608382E6C3592C457672F2CE2.e.43/click HTTP/1.1" 200 0
26/12/2024 03:02:12 PM: DEBUG: remote_connection: _request: Remote response: status=200 | data={"value":null} | headers=HTTPHeaderDict({'Content-Length': '14', 'Content-Type': 'application/json; charset=utf-8', 'cache-control': 'no-cache'})
26/12/2024 03:02:12 PM: DEBUG: remote_connection: _request: Finished Request
26/12/2024 03:02:14 PM: INFO: Test_0001: test_002: Click pos button
26/12/2024 03:02:14 PM: DEBUG: remote_connection: execute: POST http://localhost:51509/session/7dfa822f6fc0394ea7fd53f8295d59c7/element {'using': 'xpath', 'value': "//a[@class='t-heading-font btn btn-success btn-sm text-uppercase sm-text']"}
26/12/2024 03:02:14 PM: DEBUG: connectionpool: _make_request: http://localhost:51509 "POST /session/7dfa822f6fc0394ea7fd53f8295d59c7/element HTTP/1.1" 200 0
26/12/2024 03:02:14 PM: DEBUG: remote_connection: _request: Remote response: status=200 | data={"value":{"element-6066-11e4-a52e-4f735466cecf":"f.7DC1D117D5EA3813E5DF204C690C1EC3.d.617909D608382E6C3592C457672F2CE2.e.65"}} | headers=HTTPHeaderDict({'Content-Length': '126', 'Content-Type': 'application/json; charset=utf-8', 'cache-control': 'no-cache'})
26/12/2024 03:02:14 PM: DEBUG: remote_connection: _request: Finished Request
26/12/2024 03:02:14 PM: DEBUG: remote_connection: execute: POST http://localhost:51509/session/7dfa822f6fc0394ea7fd53f8295d59c7/element/f.7DC1D117D5EA3813E5DF204C690C1EC3.d.617909D608382E6C3592C457672F2CE2.e.65/click {}
26/12/2024 03:02:14 PM: DEBUG: connectionpool: _make_request: http://localhost:51509 "POST /session/7dfa822f6fc0394ea7fd53f8295d59c7/element/f.7DC1D117D5EA3813E5DF204C690C1EC3.d.617909D608382E6C3592C457672F2CE2.e.65/click HTTP/1.1" 200 0
26/12/2024 03:02:14 PM: DEBUG: remote_connection: _request: Remote response: status=200 | data={"value":null} | headers=HTTPHeaderDict({'Content-Length': '14', 'Content-Type': 'application/json; charset=utf-8', 'cache-control': 'no-cache'})
26/12/2024 03:02:14 PM: DEBUG: remote_connection: _request: Finished Request
26/12/2024 03:02:14 PM: INFO: Test_0001: test_002: click work period
26/12/2024 03:02:14 PM: DEBUG: remote_connection: execute: POST http://localhost:51509/session/7dfa822f6fc0394ea7fd53f8295d59c7/element {'using': 'xpath', 'value': "//button[@class='w-100 btn btn-secondary sm-text text-uppercase']"}
26/12/2024 03:02:14 PM: DEBUG: connectionpool: _make_request: http://localhost:51509 "POST /session/7dfa822f6fc0394ea7fd53f8295d59c7/element HTTP/1.1" 404 0
26/12/2024 03:02:14 PM: DEBUG: remote_connection: _request: Remote response: status=404 | data={"value":{"error":"no such element","message":"no such element: Unable to locate element: {\"method\":\"xpath\",\"selector\":\"//button[@class='w-100 btn btn-secondary sm-text text-uppercase']\"}\n  (Session info: chrome=131.0.6778.205)","stacktrace":"\tGetHandleVerifier [0x00007FF66FA7FB05+28789]\n\t(No symbol) [0x00007FF66F9E86E0]\n\t(No symbol) [0x00007FF66F88592A]\n\t(No symbol) [0x00007FF66F8D930E]\n\t(No symbol) [0x00007FF66F8D95FC]\n\t(No symbol) [0x00007FF66F9228A7]\n\t(No symbol) [0x00007FF66F8FF47F]\n\t(No symbol) [0x00007FF66F91F654]\n\t(No symbol) [0x00007FF66F8FF1E3]\n\t(No symbol) [0x00007FF66F8CA938]\n\t(No symbol) [0x00007FF66F8CBAA1]\n\tGetHandleVerifier [0x00007FF66FDB933D+3410093]\n\tGetHandleVerifier [0x00007FF66FDCE7DD+3497293]\n\tGetHandleVerifier [0x00007FF66FDC2A73+3448803]\n\tGetHandleVerifier [0x00007FF66FB47BBB+848171]\n\t(No symbol) [0x00007FF66F9F3C3F]\n\t(No symbol) [0x00007FF66F9EF6E4]\n\t(No symbol) [0x00007FF66F9EF87D]\n\t(No symbol) [0x00007FF66F9DED49]\n\tBaseThreadInitThunk [0x00007FF83B577374+20]\n\tRtlUserThreadStart [0x00007FF83CBBCC91+33]\n"}} | headers=HTTPHeaderDict({'Content-Length': '1099', 'Content-Type': 'application/json; charset=utf-8', 'cache-control': 'no-cache'})
26/12/2024 03:02:14 PM: DEBUG: remote_connection: _request: Finished Request
26/12/2024 03:02:14 PM: DEBUG: remote_connection: execute: POST http://localhost:51509/session/7dfa822f6fc0394ea7fd53f8295d59c7/element {'using': 'xpath', 'value': "//button[@class='w-100 btn btn-secondary sm-text text-uppercase']"}
26/12/2024 03:02:14 PM: DEBUG: connectionpool: _make_request: http://localhost:51509 "POST /session/7dfa822f6fc0394ea7fd53f8295d59c7/element HTTP/1.1" 200 0
26/12/2024 03:02:14 PM: DEBUG: remote_connection: _request: Remote response: status=200 | data={"value":{"element-6066-11e4-a52e-4f735466cecf":"f.7DC1D117D5EA3813E5DF204C690C1EC3.d.617909D608382E6C3592C457672F2CE2.e.153"}} | headers=HTTPHeaderDict({'Content-Length': '127', 'Content-Type': 'application/json; charset=utf-8', 'cache-control': 'no-cache'})
26/12/2024 03:02:14 PM: DEBUG: remote_connection: _request: Finished Request
26/12/2024 03:02:14 PM: DEBUG: remote_connection: execute: POST http://localhost:51509/session/7dfa822f6fc0394ea7fd53f8295d59c7/execute/sync {'script': '/* isDisplayed */return (function(){return (function(){var g=this||self;\nfunction aa(a){var b=typeof...', 'args': [{'element-6066-11e4-a52e-4f735466cecf': 'f.7DC1D117D5EA3813E5DF204C690C1EC3.d.617909D608382E6C3592C457672F2CE2.e.153'}]}
26/12/2024 03:02:14 PM: DEBUG: connectionpool: _make_request: http://localhost:51509 "POST /session/7dfa822f6fc0394ea7fd53f8295d59c7/execute/sync HTTP/1.1" 200 0
26/12/2024 03:02:14 PM: DEBUG: remote_connection: _request: Remote response: status=200 | data={"value":true} | headers=HTTPHeaderDict({'Content-Length': '14', 'Content-Type': 'application/json; charset=utf-8', 'cache-control': 'no-cache'})
26/12/2024 03:02:14 PM: DEBUG: remote_connection: _request: Finished Request
26/12/2024 03:02:14 PM: DEBUG: remote_connection: execute: POST http://localhost:51509/session/7dfa822f6fc0394ea7fd53f8295d59c7/element/f.7DC1D117D5EA3813E5DF204C690C1EC3.d.617909D608382E6C3592C457672F2CE2.e.153/click {}
26/12/2024 03:02:14 PM: DEBUG: connectionpool: _make_request: http://localhost:51509 "POST /session/7dfa822f6fc0394ea7fd53f8295d59c7/element/f.7DC1D117D5EA3813E5DF204C690C1EC3.d.617909D608382E6C3592C457672F2CE2.e.153/click HTTP/1.1" 200 0
26/12/2024 03:02:14 PM: DEBUG: remote_connection: _request: Remote response: status=200 | data={"value":null} | headers=HTTPHeaderDict({'Content-Length': '14', 'Content-Type': 'application/json; charset=utf-8', 'cache-control': 'no-cache'})
26/12/2024 03:02:14 PM: DEBUG: remote_connection: _request: Finished Request
26/12/2024 03:02:14 PM: INFO: Test_0001: test_002: click start work period
26/12/2024 03:02:14 PM: DEBUG: remote_connection: execute: POST http://localhost:51509/session/7dfa822f6fc0394ea7fd53f8295d59c7/element {'using': 'xpath', 'value': "//button[text()='Add']"}
26/12/2024 03:02:14 PM: DEBUG: connectionpool: _make_request: http://localhost:51509 "POST /session/7dfa822f6fc0394ea7fd53f8295d59c7/element HTTP/1.1" 200 0
26/12/2024 03:02:14 PM: DEBUG: remote_connection: _request: Remote response: status=200 | data={"value":{"element-6066-11e4-a52e-4f735466cecf":"f.7DC1D117D5EA3813E5DF204C690C1EC3.d.617909D608382E6C3592C457672F2CE2.e.154"}} | headers=HTTPHeaderDict({'Content-Length': '127', 'Content-Type': 'application/json; charset=utf-8', 'cache-control': 'no-cache'})
26/12/2024 03:02:14 PM: DEBUG: remote_connection: _request: Finished Request
26/12/2024 03:02:14 PM: DEBUG: remote_connection: execute: POST http://localhost:51509/session/7dfa822f6fc0394ea7fd53f8295d59c7/execute/sync {'script': '/* isDisplayed */return (function(){return (function(){var g=this||self;\nfunction aa(a){var b=typeof...', 'args': [{'element-6066-11e4-a52e-4f735466cecf': 'f.7DC1D117D5EA3813E5DF204C690C1EC3.d.617909D608382E6C3592C457672F2CE2.e.154'}]}
26/12/2024 03:02:14 PM: DEBUG: connectionpool: _make_request: http://localhost:51509 "POST /session/7dfa822f6fc0394ea7fd53f8295d59c7/execute/sync HTTP/1.1" 200 0
26/12/2024 03:02:14 PM: DEBUG: remote_connection: _request: Remote response: status=200 | data={"value":false} | headers=HTTPHeaderDict({'Content-Length': '15', 'Content-Type': 'application/json; charset=utf-8', 'cache-control': 'no-cache'})
26/12/2024 03:02:14 PM: DEBUG: remote_connection: _request: Finished Request
26/12/2024 03:02:15 PM: DEBUG: remote_connection: execute: POST http://localhost:51509/session/7dfa822f6fc0394ea7fd53f8295d59c7/element {'using': 'xpath', 'value': "//button[text()='Add']"}
26/12/2024 03:02:15 PM: DEBUG: connectionpool: _make_request: http://localhost:51509 "POST /session/7dfa822f6fc0394ea7fd53f8295d59c7/element HTTP/1.1" 200 0
26/12/2024 03:02:15 PM: DEBUG: remote_connection: _request: Remote response: status=200 | data={"value":{"element-6066-11e4-a52e-4f735466cecf":"f.7DC1D117D5EA3813E5DF204C690C1EC3.d.617909D608382E6C3592C457672F2CE2.e.154"}} | headers=HTTPHeaderDict({'Content-Length': '127', 'Content-Type': 'application/json; charset=utf-8', 'cache-control': 'no-cache'})
26/12/2024 03:02:15 PM: DEBUG: remote_connection: _request: Finished Request
26/12/2024 03:02:15 PM: DEBUG: remote_connection: execute: POST http://localhost:51509/session/7dfa822f6fc0394ea7fd53f8295d59c7/execute/sync {'script': '/* isDisplayed */return (function(){return (function(){var g=this||self;\nfunction aa(a){var b=typeof...', 'args': [{'element-6066-11e4-a52e-4f735466cecf': 'f.7DC1D117D5EA3813E5DF204C690C1EC3.d.617909D608382E6C3592C457672F2CE2.e.154'}]}
26/12/2024 03:02:15 PM: DEBUG: connectionpool: _make_request: http://localhost:51509 "POST /session/7dfa822f6fc0394ea7fd53f8295d59c7/execute/sync HTTP/1.1" 200 0
26/12/2024 03:02:15 PM: DEBUG: remote_connection: _request: Remote response: status=200 | data={"value":true} | headers=HTTPHeaderDict({'Content-Length': '14', 'Content-Type': 'application/json; charset=utf-8', 'cache-control': 'no-cache'})
26/12/2024 03:02:15 PM: DEBUG: remote_connection: _request: Finished Request
26/12/2024 03:02:15 PM: DEBUG: remote_connection: execute: POST http://localhost:51509/session/7dfa822f6fc0394ea7fd53f8295d59c7/element/f.7DC1D117D5EA3813E5DF204C690C1EC3.d.617909D608382E6C3592C457672F2CE2.e.154/click {}
26/12/2024 03:02:15 PM: DEBUG: connectionpool: _make_request: http://localhost:51509 "POST /session/7dfa822f6fc0394ea7fd53f8295d59c7/element/f.7DC1D117D5EA3813E5DF204C690C1EC3.d.617909D608382E6C3592C457672F2CE2.e.154/click HTTP/1.1" 200 0
26/12/2024 03:02:15 PM: DEBUG: remote_connection: _request: Remote response: status=200 | data={"value":null} | headers=HTTPHeaderDict({'Content-Length': '14', 'Content-Type': 'application/json; charset=utf-8', 'cache-control': 'no-cache'})
26/12/2024 03:02:15 PM: DEBUG: remote_connection: _request: Finished Request
26/12/2024 03:02:15 PM: INFO: Test_0001: test_002: add cash
26/12/2024 03:02:15 PM: DEBUG: remote_connection: execute: POST http://localhost:51509/session/7dfa822f6fc0394ea7fd53f8295d59c7/element {'using': 'xpath', 'value': "//i[@class='fa fa-cutlery text-primary']"}
26/12/2024 03:02:15 PM: DEBUG: connectionpool: _make_request: http://localhost:51509 "POST /session/7dfa822f6fc0394ea7fd53f8295d59c7/element HTTP/1.1" 200 0
26/12/2024 03:02:15 PM: DEBUG: remote_connection: _request: Remote response: status=200 | data={"value":{"element-6066-11e4-a52e-4f735466cecf":"f.7DC1D117D5EA3813E5DF204C690C1EC3.d.617909D608382E6C3592C457672F2CE2.e.158"}} | headers=HTTPHeaderDict({'Content-Length': '127', 'Content-Type': 'application/json; charset=utf-8', 'cache-control': 'no-cache'})
26/12/2024 03:02:15 PM: DEBUG: remote_connection: _request: Finished Request
26/12/2024 03:02:15 PM: DEBUG: remote_connection: execute: POST http://localhost:51509/session/7dfa822f6fc0394ea7fd53f8295d59c7/execute/sync {'script': '/* isDisplayed */return (function(){return (function(){var g=this||self;\nfunction aa(a){var b=typeof...', 'args': [{'element-6066-11e4-a52e-4f735466cecf': 'f.7DC1D117D5EA3813E5DF204C690C1EC3.d.617909D608382E6C3592C457672F2CE2.e.158'}]}
26/12/2024 03:02:15 PM: DEBUG: connectionpool: _make_request: http://localhost:51509 "POST /session/7dfa822f6fc0394ea7fd53f8295d59c7/execute/sync HTTP/1.1" 200 0
26/12/2024 03:02:15 PM: DEBUG: remote_connection: _request: Remote response: status=200 | data={"value":true} | headers=HTTPHeaderDict({'Content-Length': '14', 'Content-Type': 'application/json; charset=utf-8', 'cache-control': 'no-cache'})
26/12/2024 03:02:15 PM: DEBUG: remote_connection: _request: Finished Request
26/12/2024 03:02:15 PM: DEBUG: remote_connection: execute: POST http://localhost:51509/session/7dfa822f6fc0394ea7fd53f8295d59c7/element/f.7DC1D117D5EA3813E5DF204C690C1EC3.d.617909D608382E6C3592C457672F2CE2.e.158/click {}
26/12/2024 03:02:15 PM: DEBUG: connectionpool: _make_request: http://localhost:51509 "POST /session/7dfa822f6fc0394ea7fd53f8295d59c7/element/f.7DC1D117D5EA3813E5DF204C690C1EC3.d.617909D608382E6C3592C457672F2CE2.e.158/click HTTP/1.1" 200 0
26/12/2024 03:02:15 PM: DEBUG: remote_connection: _request: Remote response: status=200 | data={"value":null} | headers=HTTPHeaderDict({'Content-Length': '14', 'Content-Type': 'application/json; charset=utf-8', 'cache-control': 'no-cache'})
26/12/2024 03:02:15 PM: DEBUG: remote_connection: _request: Finished Request
26/12/2024 03:02:15 PM: INFO: Test_0001: test_002: click header pos
26/12/2024 03:02:15 PM: DEBUG: remote_connection: execute: POST http://localhost:51509/session/7dfa822f6fc0394ea7fd53f8295d59c7/element {'using': 'xpath', 'value': "(//button[@class='dropdwn--btn btn bg2-success text-white '])[3]"}
26/12/2024 03:02:16 PM: DEBUG: connectionpool: _make_request: http://localhost:51509 "POST /session/7dfa822f6fc0394ea7fd53f8295d59c7/element HTTP/1.1" 200 0
26/12/2024 03:02:16 PM: DEBUG: remote_connection: _request: Remote response: status=200 | data={"value":{"element-6066-11e4-a52e-4f735466cecf":"f.7DC1D117D5EA3813E5DF204C690C1EC3.d.617909D608382E6C3592C457672F2CE2.e.206"}} | headers=HTTPHeaderDict({'Content-Length': '127', 'Content-Type': 'application/json; charset=utf-8', 'cache-control': 'no-cache'})
26/12/2024 03:02:16 PM: DEBUG: remote_connection: _request: Finished Request
26/12/2024 03:02:16 PM: DEBUG: remote_connection: execute: POST http://localhost:51509/session/7dfa822f6fc0394ea7fd53f8295d59c7/execute/sync {'script': '/* isDisplayed */return (function(){return (function(){var g=this||self;\nfunction aa(a){var b=typeof...', 'args': [{'element-6066-11e4-a52e-4f735466cecf': 'f.7DC1D117D5EA3813E5DF204C690C1EC3.d.617909D608382E6C3592C457672F2CE2.e.206'}]}
26/12/2024 03:02:16 PM: DEBUG: connectionpool: _make_request: http://localhost:51509 "POST /session/7dfa822f6fc0394ea7fd53f8295d59c7/execute/sync HTTP/1.1" 200 0
26/12/2024 03:02:16 PM: DEBUG: remote_connection: _request: Remote response: status=200 | data={"value":true} | headers=HTTPHeaderDict({'Content-Length': '14', 'Content-Type': 'application/json; charset=utf-8', 'cache-control': 'no-cache'})
26/12/2024 03:02:16 PM: DEBUG: remote_connection: _request: Finished Request
26/12/2024 03:02:16 PM: DEBUG: remote_connection: execute: POST http://localhost:51509/session/7dfa822f6fc0394ea7fd53f8295d59c7/element/f.7DC1D117D5EA3813E5DF204C690C1EC3.d.617909D608382E6C3592C457672F2CE2.e.206/click {}
26/12/2024 03:02:16 PM: DEBUG: connectionpool: _make_request: http://localhost:51509 "POST /session/7dfa822f6fc0394ea7fd53f8295d59c7/element/f.7DC1D117D5EA3813E5DF204C690C1EC3.d.617909D608382E6C3592C457672F2CE2.e.206/click HTTP/1.1" 200 0
26/12/2024 03:02:16 PM: DEBUG: remote_connection: _request: Remote response: status=200 | data={"value":null} | headers=HTTPHeaderDict({'Content-Length': '14', 'Content-Type': 'application/json; charset=utf-8', 'cache-control': 'no-cache'})
26/12/2024 03:02:16 PM: DEBUG: remote_connection: _request: Finished Request
26/12/2024 03:02:16 PM: INFO: Test_0001: test_002: Click takeaway button
26/12/2024 03:02:16 PM: DEBUG: remote_connection: execute: POST http://localhost:51509/session/7dfa822f6fc0394ea7fd53f8295d59c7/element {'using': 'xpath', 'value': "//div[text()='Fast Food Deals']"}
26/12/2024 03:02:16 PM: DEBUG: connectionpool: _make_request: http://localhost:51509 "POST /session/7dfa822f6fc0394ea7fd53f8295d59c7/element HTTP/1.1" 200 0
26/12/2024 03:02:16 PM: DEBUG: remote_connection: _request: Remote response: status=200 | data={"value":{"element-6066-11e4-a52e-4f735466cecf":"f.7DC1D117D5EA3813E5DF204C690C1EC3.d.617909D608382E6C3592C457672F2CE2.e.212"}} | headers=HTTPHeaderDict({'Content-Length': '127', 'Content-Type': 'application/json; charset=utf-8', 'cache-control': 'no-cache'})
26/12/2024 03:02:16 PM: DEBUG: remote_connection: _request: Finished Request
26/12/2024 03:02:16 PM: DEBUG: remote_connection: execute: POST http://localhost:51509/session/7dfa822f6fc0394ea7fd53f8295d59c7/element/f.7DC1D117D5EA3813E5DF204C690C1EC3.d.617909D608382E6C3592C457672F2CE2.e.212/click {}
26/12/2024 03:02:16 PM: DEBUG: connectionpool: _make_request: http://localhost:51509 "POST /session/7dfa822f6fc0394ea7fd53f8295d59c7/element/f.7DC1D117D5EA3813E5DF204C690C1EC3.d.617909D608382E6C3592C457672F2CE2.e.212/click HTTP/1.1" 200 0
26/12/2024 03:02:16 PM: DEBUG: remote_connection: _request: Remote response: status=200 | data={"value":null} | headers=HTTPHeaderDict({'Content-Length': '14', 'Content-Type': 'application/json; charset=utf-8', 'cache-control': 'no-cache'})
26/12/2024 03:02:16 PM: DEBUG: remote_connection: _request: Finished Request
26/12/2024 03:02:16 PM: INFO: Test_0001: test_002: Click fastfood button
26/12/2024 03:02:16 PM: DEBUG: remote_connection: execute: POST http://localhost:51509/session/7dfa822f6fc0394ea7fd53f8295d59c7/element {'using': 'xpath', 'value': "(//figcaption[@class='item-name text-center px-2 mt-2'])[4]"}
26/12/2024 03:02:16 PM: DEBUG: connectionpool: _make_request: http://localhost:51509 "POST /session/7dfa822f6fc0394ea7fd53f8295d59c7/element HTTP/1.1" 200 0
26/12/2024 03:02:16 PM: DEBUG: remote_connection: _request: Remote response: status=200 | data={"value":{"element-6066-11e4-a52e-4f735466cecf":"f.7DC1D117D5EA3813E5DF204C690C1EC3.d.617909D608382E6C3592C457672F2CE2.e.223"}} | headers=HTTPHeaderDict({'Content-Length': '127', 'Content-Type': 'application/json; charset=utf-8', 'cache-control': 'no-cache'})
26/12/2024 03:02:16 PM: DEBUG: remote_connection: _request: Finished Request
26/12/2024 03:02:16 PM: DEBUG: remote_connection: execute: POST http://localhost:51509/session/7dfa822f6fc0394ea7fd53f8295d59c7/element/f.7DC1D117D5EA3813E5DF204C690C1EC3.d.617909D608382E6C3592C457672F2CE2.e.223/click {}
26/12/2024 03:02:16 PM: DEBUG: connectionpool: _make_request: http://localhost:51509 "POST /session/7dfa822f6fc0394ea7fd53f8295d59c7/element/f.7DC1D117D5EA3813E5DF204C690C1EC3.d.617909D608382E6C3592C457672F2CE2.e.223/click HTTP/1.1" 200 0
26/12/2024 03:02:16 PM: DEBUG: remote_connection: _request: Remote response: status=200 | data={"value":null} | headers=HTTPHeaderDict({'Content-Length': '14', 'Content-Type': 'application/json; charset=utf-8', 'cache-control': 'no-cache'})
26/12/2024 03:02:16 PM: DEBUG: remote_connection: _request: Finished Request
26/12/2024 03:02:16 PM: INFO: Test_0001: test_002: Click deal2 button
26/12/2024 03:02:16 PM: DEBUG: remote_connection: execute: POST http://localhost:51509/session/7dfa822f6fc0394ea7fd53f8295d59c7/element {'using': 'xpath', 'value': "(//figcaption[@class='item-name text-center px-2 mt-2'])[1]"}
26/12/2024 03:02:16 PM: DEBUG: connectionpool: _make_request: http://localhost:51509 "POST /session/7dfa822f6fc0394ea7fd53f8295d59c7/element HTTP/1.1" 200 0
26/12/2024 03:02:16 PM: DEBUG: remote_connection: _request: Remote response: status=200 | data={"value":{"element-6066-11e4-a52e-4f735466cecf":"f.7DC1D117D5EA3813E5DF204C690C1EC3.d.617909D608382E6C3592C457672F2CE2.e.228"}} | headers=HTTPHeaderDict({'Content-Length': '127', 'Content-Type': 'application/json; charset=utf-8', 'cache-control': 'no-cache'})
26/12/2024 03:02:16 PM: DEBUG: remote_connection: _request: Finished Request
26/12/2024 03:02:16 PM: DEBUG: remote_connection: execute: POST http://localhost:51509/session/7dfa822f6fc0394ea7fd53f8295d59c7/element/f.7DC1D117D5EA3813E5DF204C690C1EC3.d.617909D608382E6C3592C457672F2CE2.e.228/click {}
26/12/2024 03:02:17 PM: DEBUG: connectionpool: _make_request: http://localhost:51509 "POST /session/7dfa822f6fc0394ea7fd53f8295d59c7/element/f.7DC1D117D5EA3813E5DF204C690C1EC3.d.617909D608382E6C3592C457672F2CE2.e.228/click HTTP/1.1" 200 0
26/12/2024 03:02:17 PM: DEBUG: remote_connection: _request: Remote response: status=200 | data={"value":null} | headers=HTTPHeaderDict({'Content-Length': '14', 'Content-Type': 'application/json; charset=utf-8', 'cache-control': 'no-cache'})
26/12/2024 03:02:17 PM: DEBUG: remote_connection: _request: Finished Request
26/12/2024 03:02:17 PM: INFO: Test_0001: test_002: Click crispy button
26/12/2024 03:02:17 PM: DEBUG: remote_connection: execute: POST http://localhost:51509/session/7dfa822f6fc0394ea7fd53f8295d59c7/element {'using': 'xpath', 'value': "(//figcaption[@class='item-name text-center px-2 mt-2'])[2]"}
26/12/2024 03:02:17 PM: DEBUG: connectionpool: _make_request: http://localhost:51509 "POST /session/7dfa822f6fc0394ea7fd53f8295d59c7/element HTTP/1.1" 200 0
26/12/2024 03:02:17 PM: DEBUG: remote_connection: _request: Remote response: status=200 | data={"value":{"element-6066-11e4-a52e-4f735466cecf":"f.7DC1D117D5EA3813E5DF204C690C1EC3.d.617909D608382E6C3592C457672F2CE2.e.238"}} | headers=HTTPHeaderDict({'Content-Length': '127', 'Content-Type': 'application/json; charset=utf-8', 'cache-control': 'no-cache'})
26/12/2024 03:02:17 PM: DEBUG: remote_connection: _request: Finished Request
26/12/2024 03:02:17 PM: DEBUG: remote_connection: execute: POST http://localhost:51509/session/7dfa822f6fc0394ea7fd53f8295d59c7/element/f.7DC1D117D5EA3813E5DF204C690C1EC3.d.617909D608382E6C3592C457672F2CE2.e.238/click {}
26/12/2024 03:02:17 PM: DEBUG: connectionpool: _make_request: http://localhost:51509 "POST /session/7dfa822f6fc0394ea7fd53f8295d59c7/element/f.7DC1D117D5EA3813E5DF204C690C1EC3.d.617909D608382E6C3592C457672F2CE2.e.238/click HTTP/1.1" 200 0
26/12/2024 03:02:17 PM: DEBUG: remote_connection: _request: Remote response: status=200 | data={"value":null} | headers=HTTPHeaderDict({'Content-Length': '14', 'Content-Type': 'application/json; charset=utf-8', 'cache-control': 'no-cache'})
26/12/2024 03:02:17 PM: DEBUG: remote_connection: _request: Finished Request
26/12/2024 03:02:17 PM: INFO: Test_0001: test_002: Click crunch button
26/12/2024 03:02:17 PM: DEBUG: remote_connection: execute: POST http://localhost:51509/session/7dfa822f6fc0394ea7fd53f8295d59c7/element {'using': 'xpath', 'value': "(//figcaption[@class='item-name text-center px-2 mt-2'])[3]"}
26/12/2024 03:02:17 PM: DEBUG: connectionpool: _make_request: http://localhost:51509 "POST /session/7dfa822f6fc0394ea7fd53f8295d59c7/element HTTP/1.1" 200 0
26/12/2024 03:02:17 PM: DEBUG: remote_connection: _request: Remote response: status=200 | data={"value":{"element-6066-11e4-a52e-4f735466cecf":"f.7DC1D117D5EA3813E5DF204C690C1EC3.d.617909D608382E6C3592C457672F2CE2.e.248"}} | headers=HTTPHeaderDict({'Content-Length': '127', 'Content-Type': 'application/json; charset=utf-8', 'cache-control': 'no-cache'})
26/12/2024 03:02:17 PM: DEBUG: remote_connection: _request: Finished Request
26/12/2024 03:02:17 PM: DEBUG: remote_connection: execute: POST http://localhost:51509/session/7dfa822f6fc0394ea7fd53f8295d59c7/element/f.7DC1D117D5EA3813E5DF204C690C1EC3.d.617909D608382E6C3592C457672F2CE2.e.248/click {}
26/12/2024 03:02:17 PM: DEBUG: connectionpool: _make_request: http://localhost:51509 "POST /session/7dfa822f6fc0394ea7fd53f8295d59c7/element/f.7DC1D117D5EA3813E5DF204C690C1EC3.d.617909D608382E6C3592C457672F2CE2.e.248/click HTTP/1.1" 200 0
26/12/2024 03:02:17 PM: DEBUG: remote_connection: _request: Remote response: status=200 | data={"value":null} | headers=HTTPHeaderDict({'Content-Length': '14', 'Content-Type': 'application/json; charset=utf-8', 'cache-control': 'no-cache'})
26/12/2024 03:02:17 PM: DEBUG: remote_connection: _request: Finished Request
26/12/2024 03:02:17 PM: INFO: Test_0001: test_002: Click fastfood deal1
26/12/2024 03:02:17 PM: DEBUG: remote_connection: execute: POST http://localhost:51509/session/7dfa822f6fc0394ea7fd53f8295d59c7/element {'using': 'xpath', 'value': "//button[text()='submit']"}
26/12/2024 03:02:17 PM: DEBUG: connectionpool: _make_request: http://localhost:51509 "POST /session/7dfa822f6fc0394ea7fd53f8295d59c7/element HTTP/1.1" 200 0
26/12/2024 03:02:17 PM: DEBUG: remote_connection: _request: Remote response: status=200 | data={"value":{"element-6066-11e4-a52e-4f735466cecf":"f.7DC1D117D5EA3813E5DF204C690C1EC3.d.617909D608382E6C3592C457672F2CE2.e.258"}} | headers=HTTPHeaderDict({'Content-Length': '127', 'Content-Type': 'application/json; charset=utf-8', 'cache-control': 'no-cache'})
26/12/2024 03:02:17 PM: DEBUG: remote_connection: _request: Finished Request
26/12/2024 03:02:17 PM: DEBUG: remote_connection: execute: POST http://localhost:51509/session/7dfa822f6fc0394ea7fd53f8295d59c7/element/f.7DC1D117D5EA3813E5DF204C690C1EC3.d.617909D608382E6C3592C457672F2CE2.e.258/click {}
26/12/2024 03:02:17 PM: DEBUG: connectionpool: _make_request: http://localhost:51509 "POST /session/7dfa822f6fc0394ea7fd53f8295d59c7/element/f.7DC1D117D5EA3813E5DF204C690C1EC3.d.617909D608382E6C3592C457672F2CE2.e.258/click HTTP/1.1" 200 0
26/12/2024 03:02:17 PM: DEBUG: remote_connection: _request: Remote response: status=200 | data={"value":null} | headers=HTTPHeaderDict({'Content-Length': '14', 'Content-Type': 'application/json; charset=utf-8', 'cache-control': 'no-cache'})
26/12/2024 03:02:17 PM: DEBUG: remote_connection: _request: Finished Request
26/12/2024 03:02:17 PM: INFO: Test_0001: test_002: Click submit button
26/12/2024 03:02:17 PM: DEBUG: remote_connection: execute: DELETE http://localhost:51509/session/7dfa822f6fc0394ea7fd53f8295d59c7 {}
26/12/2024 03:02:17 PM: DEBUG: connectionpool: _make_request: http://localhost:51509 "DELETE /session/7dfa822f6fc0394ea7fd53f8295d59c7 HTTP/1.1" 200 0
26/12/2024 03:02:17 PM: DEBUG: remote_connection: _request: Remote response: status=200 | data={"value":null} | headers=HTTPHeaderDict({'Content-Length': '14', 'Content-Type': 'application/json; charset=utf-8', 'cache-control': 'no-cache'})
26/12/2024 03:02:17 PM: DEBUG: remote_connection: _request: Finished Request
