02/01/2025 03:50:01 PM: INFO: Test_0001: test_004: Test Case 03
02/01/2025 03:50:01 PM: INFO: Test_0001: test_004: Test Case Starting
02/01/2025 03:50:01 PM: DEBUG: remote_connection: execute: POST http://localhost:61689/session/59f077e8c97434fb32afcd748e765d1c/element {'using': 'xpath', 'value': "//input[@name='email']"}
02/01/2025 03:50:02 PM: DEBUG: connectionpool: _make_request: http://localhost:61689 "POST /session/59f077e8c97434fb32afcd748e765d1c/element HTTP/1.1" 404 0
02/01/2025 03:50:02 PM: DEBUG: remote_connection: _request: Remote response: status=404 | data={"value":{"error":"no such element","message":"no such element: Unable to locate element: {\"method\":\"xpath\",\"selector\":\"//input[@name='email']\"}\n  (Session info: chrome=131.0.6778.205)","stacktrace":"\tGetHandleVerifier [0x00007FF67819FB05+28789]\n\t(No symbol) [0x00007FF6781086E0]\n\t(No symbol) [0x00007FF677FA592A]\n\t(No symbol) [0x00007FF677FF930E]\n\t(No symbol) [0x00007FF677FF95FC]\n\t(No symbol) [0x00007FF6780428A7]\n\t(No symbol) [0x00007FF67801F47F]\n\t(No symbol) [0x00007FF67803F654]\n\t(No symbol) [0x00007FF67801F1E3]\n\t(No symbol) [0x00007FF677FEA938]\n\t(No symbol) [0x00007FF677FEBAA1]\n\tGetHandleVerifier [0x00007FF6784D933D+3410093]\n\tGetHandleVerifier [0x00007FF6784EE7DD+3497293]\n\tGetHandleVerifier [0x00007FF6784E2A73+3448803]\n\tGetHandleVerifier [0x00007FF678267BBB+848171]\n\t(No symbol) [0x00007FF678113C3F]\n\t(No symbol) [0x00007FF67810F6E4]\n\t(No symbol) [0x00007FF67810F87D]\n\t(No symbol) [0x00007FF6780FED49]\n\tBaseThreadInitThunk [0x00007FFA84D07374+20]\n\tRtlUserThreadStart [0x00007FFA8587CC91+33]\n"}} | headers=HTTPHeaderDict({'Content-Length': '1056', 'Content-Type': 'application/json; charset=utf-8', 'cache-control': 'no-cache'})
02/01/2025 03:50:02 PM: DEBUG: remote_connection: _request: Finished Request
02/01/2025 03:50:02 PM: DEBUG: remote_connection: execute: POST http://localhost:61689/session/59f077e8c97434fb32afcd748e765d1c/element {'using': 'xpath', 'value': "//input[@name='email']"}
02/01/2025 03:50:02 PM: DEBUG: connectionpool: _make_request: http://localhost:61689 "POST /session/59f077e8c97434fb32afcd748e765d1c/element HTTP/1.1" 200 0
02/01/2025 03:50:02 PM: DEBUG: remote_connection: _request: Remote response: status=200 | data={"value":{"element-6066-11e4-a52e-4f735466cecf":"f.96977B37BB74D14A96280DAB1997832C.d.8911ECB322B506BDA805A061344AED80.e.21"}} | headers=HTTPHeaderDict({'Content-Length': '126', 'Content-Type': 'application/json; charset=utf-8', 'cache-control': 'no-cache'})
02/01/2025 03:50:02 PM: DEBUG: remote_connection: _request: Finished Request
02/01/2025 03:50:02 PM: DEBUG: remote_connection: execute: POST http://localhost:61689/session/59f077e8c97434fb32afcd748e765d1c/element/f.96977B37BB74D14A96280DAB1997832C.d.8911ECB322B506BDA805A061344AED80.e.21/value {'text': 'Sherry12@gmail.com', 'value': ['S', 'h', 'e', 'r', 'r', 'y', '1', '2', '@', 'g', 'm', 'a', 'i', 'l', '.', 'c', 'o', 'm']}
02/01/2025 03:50:02 PM: DEBUG: connectionpool: _make_request: http://localhost:61689 "POST /session/59f077e8c97434fb32afcd748e765d1c/element/f.96977B37BB74D14A96280DAB1997832C.d.8911ECB322B506BDA805A061344AED80.e.21/value HTTP/1.1" 200 0
02/01/2025 03:50:02 PM: DEBUG: remote_connection: _request: Remote response: status=200 | data={"value":null} | headers=HTTPHeaderDict({'Content-Length': '14', 'Content-Type': 'application/json; charset=utf-8', 'cache-control': 'no-cache'})
02/01/2025 03:50:02 PM: DEBUG: remote_connection: _request: Finished Request
02/01/2025 03:50:02 PM: INFO: Test_0001: test_004: Enter username
02/01/2025 03:50:02 PM: DEBUG: remote_connection: execute: POST http://localhost:61689/session/59f077e8c97434fb32afcd748e765d1c/element {'using': 'xpath', 'value': "//input[@name='password']"}
02/01/2025 03:50:02 PM: DEBUG: connectionpool: _make_request: http://localhost:61689 "POST /session/59f077e8c97434fb32afcd748e765d1c/element HTTP/1.1" 200 0
02/01/2025 03:50:02 PM: DEBUG: remote_connection: _request: Remote response: status=200 | data={"value":{"element-6066-11e4-a52e-4f735466cecf":"f.96977B37BB74D14A96280DAB1997832C.d.8911ECB322B506BDA805A061344AED80.e.23"}} | headers=HTTPHeaderDict({'Content-Length': '126', 'Content-Type': 'application/json; charset=utf-8', 'cache-control': 'no-cache'})
02/01/2025 03:50:02 PM: DEBUG: remote_connection: _request: Finished Request
02/01/2025 03:50:02 PM: DEBUG: remote_connection: execute: POST http://localhost:61689/session/59f077e8c97434fb32afcd748e765d1c/element/f.96977B37BB74D14A96280DAB1997832C.d.8911ECB322B506BDA805A061344AED80.e.23/value {'text': '2146', 'value': ['2', '1', '4', '6']}
02/01/2025 03:50:02 PM: DEBUG: connectionpool: _make_request: http://localhost:61689 "POST /session/59f077e8c97434fb32afcd748e765d1c/element/f.96977B37BB74D14A96280DAB1997832C.d.8911ECB322B506BDA805A061344AED80.e.23/value HTTP/1.1" 200 0
02/01/2025 03:50:02 PM: DEBUG: remote_connection: _request: Remote response: status=200 | data={"value":null} | headers=HTTPHeaderDict({'Content-Length': '14', 'Content-Type': 'application/json; charset=utf-8', 'cache-control': 'no-cache'})
02/01/2025 03:50:02 PM: DEBUG: remote_connection: _request: Finished Request
02/01/2025 03:50:02 PM: INFO: Test_0001: test_004: Enter password
02/01/2025 03:50:02 PM: DEBUG: remote_connection: execute: POST http://localhost:61689/session/59f077e8c97434fb32afcd748e765d1c/element {'using': 'xpath', 'value': "//button[@type='submit']"}
02/01/2025 03:50:02 PM: DEBUG: connectionpool: _make_request: http://localhost:61689 "POST /session/59f077e8c97434fb32afcd748e765d1c/element HTTP/1.1" 200 0
02/01/2025 03:50:02 PM: DEBUG: remote_connection: _request: Remote response: status=200 | data={"value":{"element-6066-11e4-a52e-4f735466cecf":"f.96977B37BB74D14A96280DAB1997832C.d.8911ECB322B506BDA805A061344AED80.e.25"}} | headers=HTTPHeaderDict({'Content-Length': '126', 'Content-Type': 'application/json; charset=utf-8', 'cache-control': 'no-cache'})
02/01/2025 03:50:02 PM: DEBUG: remote_connection: _request: Finished Request
02/01/2025 03:50:02 PM: DEBUG: remote_connection: execute: POST http://localhost:61689/session/59f077e8c97434fb32afcd748e765d1c/execute/sync {'script': '/* isDisplayed */return (function(){return (function(){var g=this||self;\nfunction aa(a){var b=typeof...', 'args': [{'element-6066-11e4-a52e-4f735466cecf': 'f.96977B37BB74D14A96280DAB1997832C.d.8911ECB322B506BDA805A061344AED80.e.25'}]}
02/01/2025 03:50:02 PM: DEBUG: connectionpool: _make_request: http://localhost:61689 "POST /session/59f077e8c97434fb32afcd748e765d1c/execute/sync HTTP/1.1" 200 0
02/01/2025 03:50:02 PM: DEBUG: remote_connection: _request: Remote response: status=200 | data={"value":true} | headers=HTTPHeaderDict({'Content-Length': '14', 'Content-Type': 'application/json; charset=utf-8', 'cache-control': 'no-cache'})
02/01/2025 03:50:02 PM: DEBUG: remote_connection: _request: Finished Request
02/01/2025 03:50:02 PM: DEBUG: remote_connection: execute: POST http://localhost:61689/session/59f077e8c97434fb32afcd748e765d1c/element/f.96977B37BB74D14A96280DAB1997832C.d.8911ECB322B506BDA805A061344AED80.e.25/click {}
02/01/2025 03:50:03 PM: DEBUG: connectionpool: _make_request: http://localhost:61689 "POST /session/59f077e8c97434fb32afcd748e765d1c/element/f.96977B37BB74D14A96280DAB1997832C.d.8911ECB322B506BDA805A061344AED80.e.25/click HTTP/1.1" 200 0
02/01/2025 03:50:03 PM: DEBUG: remote_connection: _request: Remote response: status=200 | data={"value":null} | headers=HTTPHeaderDict({'Content-Length': '14', 'Content-Type': 'application/json; charset=utf-8', 'cache-control': 'no-cache'})
02/01/2025 03:50:03 PM: DEBUG: remote_connection: _request: Finished Request
02/01/2025 03:50:03 PM: INFO: Test_0001: test_004: Click signup button
02/01/2025 03:50:03 PM: DEBUG: remote_connection: execute: POST http://localhost:61689/session/59f077e8c97434fb32afcd748e765d1c/element {'using': 'xpath', 'value': "(//div[@class='product-card__add'])[2]"}
02/01/2025 03:50:03 PM: DEBUG: connectionpool: _make_request: http://localhost:61689 "POST /session/59f077e8c97434fb32afcd748e765d1c/element HTTP/1.1" 404 0
02/01/2025 03:50:03 PM: DEBUG: remote_connection: _request: Remote response: status=404 | data={"value":{"error":"no such element","message":"no such element: Unable to locate element: {\"method\":\"xpath\",\"selector\":\"(//div[@class='product-card__add'])[2]\"}\n  (Session info: chrome=131.0.6778.205)","stacktrace":"\tGetHandleVerifier [0x00007FF67819FB05+28789]\n\t(No symbol) [0x00007FF6781086E0]\n\t(No symbol) [0x00007FF677FA592A]\n\t(No symbol) [0x00007FF677FF930E]\n\t(No symbol) [0x00007FF677FF95FC]\n\t(No symbol) [0x00007FF6780428A7]\n\t(No symbol) [0x00007FF67801F47F]\n\t(No symbol) [0x00007FF67803F654]\n\t(No symbol) [0x00007FF67801F1E3]\n\t(No symbol) [0x00007FF677FEA938]\n\t(No symbol) [0x00007FF677FEBAA1]\n\tGetHandleVerifier [0x00007FF6784D933D+3410093]\n\tGetHandleVerifier [0x00007FF6784EE7DD+3497293]\n\tGetHandleVerifier [0x00007FF6784E2A73+3448803]\n\tGetHandleVerifier [0x00007FF678267BBB+848171]\n\t(No symbol) [0x00007FF678113C3F]\n\t(No symbol) [0x00007FF67810F6E4]\n\t(No symbol) [0x00007FF67810F87D]\n\t(No symbol) [0x00007FF6780FED49]\n\tBaseThreadInitThunk [0x00007FFA84D07374+20]\n\tRtlUserThreadStart [0x00007FFA8587CC91+33]\n"}} | headers=HTTPHeaderDict({'Content-Length': '1072', 'Content-Type': 'application/json; charset=utf-8', 'cache-control': 'no-cache'})
02/01/2025 03:50:03 PM: DEBUG: remote_connection: _request: Finished Request
02/01/2025 03:50:03 PM: DEBUG: remote_connection: execute: POST http://localhost:61689/session/59f077e8c97434fb32afcd748e765d1c/element {'using': 'xpath', 'value': "(//div[@class='product-card__add'])[2]"}
02/01/2025 03:50:03 PM: DEBUG: connectionpool: _make_request: http://localhost:61689 "POST /session/59f077e8c97434fb32afcd748e765d1c/element HTTP/1.1" 404 0
02/01/2025 03:50:03 PM: DEBUG: remote_connection: _request: Remote response: status=404 | data={"value":{"error":"no such element","message":"no such element: Unable to locate element: {\"method\":\"xpath\",\"selector\":\"(//div[@class='product-card__add'])[2]\"}\n  (Session info: chrome=131.0.6778.205)","stacktrace":"\tGetHandleVerifier [0x00007FF67819FB05+28789]\n\t(No symbol) [0x00007FF6781086E0]\n\t(No symbol) [0x00007FF677FA592A]\n\t(No symbol) [0x00007FF677FF930E]\n\t(No symbol) [0x00007FF677FF95FC]\n\t(No symbol) [0x00007FF6780428A7]\n\t(No symbol) [0x00007FF67801F47F]\n\t(No symbol) [0x00007FF67803F654]\n\t(No symbol) [0x00007FF67801F1E3]\n\t(No symbol) [0x00007FF677FEA938]\n\t(No symbol) [0x00007FF677FEBAA1]\n\tGetHandleVerifier [0x00007FF6784D933D+3410093]\n\tGetHandleVerifier [0x00007FF6784EE7DD+3497293]\n\tGetHandleVerifier [0x00007FF6784E2A73+3448803]\n\tGetHandleVerifier [0x00007FF678267BBB+848171]\n\t(No symbol) [0x00007FF678113C3F]\n\t(No symbol) [0x00007FF67810F6E4]\n\t(No symbol) [0x00007FF67810F87D]\n\t(No symbol) [0x00007FF6780FED49]\n\tBaseThreadInitThunk [0x00007FFA84D07374+20]\n\tRtlUserThreadStart [0x00007FFA8587CC91+33]\n"}} | headers=HTTPHeaderDict({'Content-Length': '1072', 'Content-Type': 'application/json; charset=utf-8', 'cache-control': 'no-cache'})
02/01/2025 03:50:03 PM: DEBUG: remote_connection: _request: Finished Request
02/01/2025 03:50:04 PM: DEBUG: remote_connection: execute: POST http://localhost:61689/session/59f077e8c97434fb32afcd748e765d1c/element {'using': 'xpath', 'value': "(//div[@class='product-card__add'])[2]"}
02/01/2025 03:50:04 PM: DEBUG: connectionpool: _make_request: http://localhost:61689 "POST /session/59f077e8c97434fb32afcd748e765d1c/element HTTP/1.1" 200 0
02/01/2025 03:50:04 PM: DEBUG: remote_connection: _request: Remote response: status=200 | data={"value":{"element-6066-11e4-a52e-4f735466cecf":"f.96977B37BB74D14A96280DAB1997832C.d.8911ECB322B506BDA805A061344AED80.e.37"}} | headers=HTTPHeaderDict({'Content-Length': '126', 'Content-Type': 'application/json; charset=utf-8', 'cache-control': 'no-cache'})
02/01/2025 03:50:04 PM: DEBUG: remote_connection: _request: Finished Request
02/01/2025 03:50:04 PM: DEBUG: remote_connection: execute: POST http://localhost:61689/session/59f077e8c97434fb32afcd748e765d1c/execute/sync {'script': '/* isDisplayed */return (function(){return (function(){var g=this||self;\nfunction aa(a){var b=typeof...', 'args': [{'element-6066-11e4-a52e-4f735466cecf': 'f.96977B37BB74D14A96280DAB1997832C.d.8911ECB322B506BDA805A061344AED80.e.37'}]}
02/01/2025 03:50:04 PM: DEBUG: connectionpool: _make_request: http://localhost:61689 "POST /session/59f077e8c97434fb32afcd748e765d1c/execute/sync HTTP/1.1" 200 0
02/01/2025 03:50:04 PM: DEBUG: remote_connection: _request: Remote response: status=200 | data={"value":true} | headers=HTTPHeaderDict({'Content-Length': '14', 'Content-Type': 'application/json; charset=utf-8', 'cache-control': 'no-cache'})
02/01/2025 03:50:04 PM: DEBUG: remote_connection: _request: Finished Request
02/01/2025 03:50:04 PM: DEBUG: remote_connection: execute: POST http://localhost:61689/session/59f077e8c97434fb32afcd748e765d1c/element/f.96977B37BB74D14A96280DAB1997832C.d.8911ECB322B506BDA805A061344AED80.e.37/click {}
02/01/2025 03:50:05 PM: DEBUG: connectionpool: _make_request: http://localhost:61689 "POST /session/59f077e8c97434fb32afcd748e765d1c/element/f.96977B37BB74D14A96280DAB1997832C.d.8911ECB322B506BDA805A061344AED80.e.37/click HTTP/1.1" 400 0
02/01/2025 03:50:05 PM: DEBUG: remote_connection: _request: Remote response: status=400 | data={"value":{"error":"element click intercepted","message":"element click intercepted: Element \u003Cdiv class=\"product-card__add\">...\u003C/div> is not clickable at point (796, 74). Other element would receive the click: \u003Cdiv class=\"loadingBlur\">\u003C/div>\n  (Session info: chrome=131.0.6778.205)","stacktrace":"\tGetHandleVerifier [0x00007FF67819FB05+28789]\n\t(No symbol) [0x00007FF6781086E0]\n\t(No symbol) [0x00007FF677FA592A]\n\t(No symbol) [0x00007FF678000FDE]\n\t(No symbol) [0x00007FF677FFEA7C]\n\t(No symbol) [0x00007FF677FFBC46]\n\t(No symbol) [0x00007FF677FFABA1]\n\t(No symbol) [0x00007FF677FECD60]\n\t(No symbol) [0x00007FF67801F43A]\n\t(No symbol) [0x00007FF677FEC5B6]\n\t(No symbol) [0x00007FF67801F650]\n\t(No symbol) [0x00007FF67803F654]\n\t(No symbol) [0x00007FF67801F1E3]\n\t(No symbol) [0x00007FF677FEA938]\n\t(No symbol) [0x00007FF677FEBAA1]\n\tGetHandleVerifier [0x00007FF6784D933D+3410093]\n\tGetHandleVerifier [0x00007FF6784EE7DD+3497293]\n\tGetHandleVerifier [0x00007FF6784E2A73+3448803]\n\tGetHandleVerifier [0x00007FF678267BBB+848171]\n\t(No symbol) [0x00007FF678113C3F]\n\t(No symbol) [0x00007FF67810F6E4]\n\t(No symbol) [0x00007FF67810F87D]\n\t(No symbol) [0x00007FF6780FED49]\n\tBaseThreadInitThunk [0x00007FFA84D07374+20]\n\tRtlUserThreadStart [0x00007FFA8587CC91+33]\n"}} | headers=HTTPHeaderDict({'Content-Length': '1312', 'Content-Type': 'application/json; charset=utf-8', 'cache-control': 'no-cache'})
02/01/2025 03:50:05 PM: DEBUG: remote_connection: _request: Finished Request
02/01/2025 03:50:05 PM: DEBUG: remote_connection: execute: DELETE http://localhost:61689/session/59f077e8c97434fb32afcd748e765d1c {}
02/01/2025 03:50:05 PM: DEBUG: connectionpool: _make_request: http://localhost:61689 "DELETE /session/59f077e8c97434fb32afcd748e765d1c HTTP/1.1" 200 0
02/01/2025 03:50:05 PM: DEBUG: remote_connection: _request: Remote response: status=200 | data={"value":null} | headers=HTTPHeaderDict({'Content-Length': '14', 'Content-Type': 'application/json; charset=utf-8', 'cache-control': 'no-cache'})
02/01/2025 03:50:05 PM: DEBUG: remote_connection: _request: Finished Request
